Arguments: 
  C:\Program Files\nodejs\node.exe C:\Program Files (x86)\Yarn\bin\yarn.js add @types/pretty-data --dev

PATH: 
  C:\ProgramData\Oracle\Java\javapath;C:\WINDOWS\system32;C:\WINDOWS;C:\WINDOWS\System32\Wbem;C:\WINDOWS\System32\WindowsPowerShell\v1.0\;C:\Users\jy\Documents\projects\Selenium\geckodriver;C:\Program Files\Git\cmd;C:\Program Files\Git\mingw64\bin;C:\Program Files\Git\usr\bin;C:\WINDOWS\System32\OpenSSH\;C:\Program Files (x86)\QuickTime\QTSystem\;C:\Program Files (x86)\Yarn\bin\;C:\Program Files\PuTTY\;C:\Program Files (x86)\Common Files\Adobe\AGL;C:\Users\jy\AppData\Roaming\nvm;C:\Program Files\nodejs;C:\Users\jy\.windows-build-tools\python27\;C:\Program Files\nodejs\node_modules\npm\node_modules\npm-lifecycle\node-gyp-bin;C:\Users\jy\AppData\Roaming\npm\node_modules\windows-build-tools\node_modules\.bin;C:\Users\jy\AppData\Roaming\npm\node_modules\.bin;C:\ProgramData\Oracle\Java\javapath;C:\WINDOWS\system32;C:\WINDOWS;C:\WINDOWS\System32\Wbem;C:\WINDOWS\System32\WindowsPowerShell\v1.0\;C:\Users\jy\Documents\projects\Selenium\geckodriver;C:\Program Files\Git\cmd;C:\Program Files\Git\mingw64\bin;C:\Program Files\Git\usr\bin;C:\WINDOWS\System32\OpenSSH\;C:\Program Files (x86)\QuickTime\QTSystem\;C:\Program Files\nodejs\;C:\Program Files (x86)\Yarn\bin\;C:\HashiCorp\Vagrant\bin;C:\Program Files\PuTTY\;C:\Program Files (x86)\Common Files\Adobe\AGL;C:\Users\jy\AppData\Local\Programs\Python\Python37\Scripts\;C:\Users\jy\AppData\Local\Programs\Python\Python37\;C:\Ruby25-x64\bin;C:\Users\jy\AppData\Local\Microsoft\WindowsApps;C:\Users\jy\AppData\Local\Google\Cloud SDK\google-cloud-sdk\bin;C:\Program Files\ffmpeg\bin;C:\Users\jy\AppData\Local\atom\bin;C:\Program Files\heroku\bin;C:\Users\jy\AppData\Local\Yarn\bin;C:\Users\jy\AppData\Local\Programs\Microsoft VS Code\bin;C:\Users\jy\AppData\Local\Microsoft\WindowsApps;C:\Users\jy\AppData\Roaming\nvm;C:\Program Files\nodejs

Yarn version: 
  1.12.3

Node version: 
  10.16.0

Platform: 
  win32 x64

Trace: 
  Error: https://registry.yarnpkg.com/@types%2fpretty-data: Not found
      at Request.params.callback [as _callback] (C:\Program Files (x86)\Yarn\lib\cli.js:65003:18)
      at Request.self.callback (C:\Program Files (x86)\Yarn\lib\cli.js:129018:22)
      at Request.emit (events.js:198:13)
      at Request.<anonymous> (C:\Program Files (x86)\Yarn\lib\cli.js:129990:10)
      at Request.emit (events.js:198:13)
      at IncomingMessage.<anonymous> (C:\Program Files (x86)\Yarn\lib\cli.js:129912:12)
      at Object.onceWrapper (events.js:286:20)
      at IncomingMessage.emit (events.js:203:15)
      at endReadableNT (_stream_readable.js:1129:12)
      at process._tickCallback (internal/process/next_tick.js:63:19)

npm manifest: 
  {
    "name": "md-to-google-ssml",
    "version": "0.0.1",
    "description": "",
    "main": "index.js",
    "scripts": {
      "build": "tsc -w",
      "test": "node test.js"
    },
    "repository": {
      "type": "git",
      "url": "git+https://github.com/yambal/md-to-google-ssml.git"
    },
    "author": "June YAMAMOTO <jy@yambal.net> (https://www.yambal.net/)",
    "license": "ISC",
    "bugs": {
      "url": "https://github.com/yambal/md-to-google-ssml/issues"
    },
    "homepage": "https://github.com/yambal/md-to-google-ssml#readme",
    "dependencies": {
      "marked": "^0.8.0",
      "pretty-data": "^0.40.0"
    },
    "devDependencies": {
      "@types/marked": "^0.7.2",
      "typescript": "^3.8.2"
    }
  }

yarn manifest: 
  No manifest

Lockfile: 
  # THIS IS AN AUTOGENERATED FILE. DO NOT EDIT THIS FILE DIRECTLY.
  # yarn lockfile v1
  
  
  "@types/marked@^0.7.2":
    version "0.7.2"
    resolved "https://registry.yarnpkg.com/@types/marked/-/marked-0.7.2.tgz#1393f076773b55cc7078c0fbeb86a497c69db97e"
    integrity sha512-A3EDyNaq6OCcpaOia2HQ/tu2QYt8DKuj4ExP21VU3cU3HTo2FLslvbqa2T1vux910RHvuSVqpwKnnykSFcRWOA==
  
  marked@^0.8.0:
    version "0.8.0"
    resolved "https://registry.yarnpkg.com/marked/-/marked-0.8.0.tgz#ec5c0c9b93878dc52dd54be8d0e524097bd81a99"
    integrity sha512-MyUe+T/Pw4TZufHkzAfDj6HarCBWia2y27/bhuYkTaiUnfDYFnCP3KUN+9oM7Wi6JA2rymtVYbQu3spE0GCmxQ==
  
  pretty-data@^0.40.0:
    version "0.40.0"
    resolved "https://registry.yarnpkg.com/pretty-data/-/pretty-data-0.40.0.tgz#572aa8ea23467467ab94b6b5266a6fd9c8fddd72"
    integrity sha1-Vyqo6iNGdGerlLa1Jmpv2cj93XI=
  
  typescript@^3.8.2:
    version "3.8.2"
    resolved "https://registry.yarnpkg.com/typescript/-/typescript-3.8.2.tgz#91d6868aaead7da74f493c553aeff76c0c0b1d5a"
    integrity sha512-EgOVgL/4xfVrCMbhYKUQTdF37SQn4Iw73H5BgCrF1Abdun7Kwy/QZsE/ssAy0y4LxBbvua3PIbFsbRczWWnDdQ==
